<?xml version="1.0" encoding="UTF-8"?>
<testng-results skipped="0" failed="0" ignored="0" total="3" passed="3">
  <reporter-output>
  </reporter-output>
  <suite name="Suite" duration-ms="69885" started-at="2019-12-11T14:53:59Z" finished-at="2019-12-11T14:55:09Z">
    <groups>
    </groups>
    <test name="Test" duration-ms="69885" started-at="2019-12-11T14:53:59Z" finished-at="2019-12-11T14:55:09Z">
      <class name="com.companyname.tests.LaptopPageTests">
        <test-method status="PASS" signature="setUp()[pri:0, instance:com.companyname.tests.LaptopPageTests@3abbfa04]" name="setUp" is-config="true" duration-ms="35259" started-at="2019-12-11T14:53:59Z" finished-at="2019-12-11T14:54:35Z">
          <reporter-output>
          </reporter-output>
        </test-method> <!-- setUp -->
        <test-method status="PASS" signature="setUp()[pri:0, instance:com.companyname.tests.LaptopPageTests@3abbfa04]" name="setUp" is-config="true" duration-ms="36671" started-at="2019-12-11T14:53:59Z" finished-at="2019-12-11T14:54:36Z">
          <reporter-output>
          </reporter-output>
        </test-method> <!-- setUp -->
        <test-method status="PASS" signature="setUp()[pri:0, instance:com.companyname.tests.LaptopPageTests@3abbfa04]" name="setUp" is-config="true" duration-ms="29350" started-at="2019-12-11T14:53:59Z" finished-at="2019-12-11T14:54:29Z">
          <reporter-output>
          </reporter-output>
        </test-method> <!-- setUp -->
        <test-method status="PASS" signature="test2()[pri:0, instance:com.companyname.tests.LaptopPageTests@3abbfa04]" name="test2" duration-ms="38261" started-at="2019-12-11T14:54:29Z" finished-at="2019-12-11T14:55:07Z">
          <reporter-output>
          </reporter-output>
        </test-method> <!-- test2 -->
        <test-method status="PASS" signature="test1()[pri:0, instance:com.companyname.tests.LaptopPageTests@3abbfa04]" name="test1" duration-ms="31186" started-at="2019-12-11T14:54:35Z" finished-at="2019-12-11T14:55:06Z">
          <reporter-output>
          </reporter-output>
        </test-method> <!-- test1 -->
        <test-method status="PASS" signature="test3()[pri:0, instance:com.companyname.tests.LaptopPageTests@3abbfa04]" name="test3" duration-ms="32336" started-at="2019-12-11T14:54:36Z" finished-at="2019-12-11T14:55:08Z">
          <reporter-output>
          </reporter-output>
        </test-method> <!-- test3 -->
        <test-method status="PASS" signature="tearDown()[pri:0, instance:com.companyname.tests.LaptopPageTests@3abbfa04]" name="tearDown" is-config="true" duration-ms="1394" started-at="2019-12-11T14:55:06Z" finished-at="2019-12-11T14:55:07Z">
          <reporter-output>
          </reporter-output>
        </test-method> <!-- tearDown -->
        <test-method status="PASS" signature="tearDown()[pri:0, instance:com.companyname.tests.LaptopPageTests@3abbfa04]" name="tearDown" is-config="true" duration-ms="962" started-at="2019-12-11T14:55:07Z" finished-at="2019-12-11T14:55:08Z">
          <reporter-output>
          </reporter-output>
        </test-method> <!-- tearDown -->
        <test-method status="PASS" signature="tearDown()[pri:0, instance:com.companyname.tests.LaptopPageTests@3abbfa04]" name="tearDown" is-config="true" duration-ms="847" started-at="2019-12-11T14:55:08Z" finished-at="2019-12-11T14:55:09Z">
          <reporter-output>
          </reporter-output>
        </test-method> <!-- tearDown -->
      </class> <!-- com.companyname.tests.LaptopPageTests -->
    </test> <!-- Test -->
  </suite> <!-- Suite -->
</testng-results>
