<?xml version="1.0" encoding="UTF-8"?>
<testng-results skipped="0" failed="0" ignored="0" total="1" passed="1">
  <reporter-output>
  </reporter-output>
  <suite name="Default suite" duration-ms="37496" started-at="2019-12-10T14:58:10Z" finished-at="2019-12-10T14:58:47Z">
    <groups>
    </groups>
    <test name="Default test" duration-ms="37496" started-at="2019-12-10T14:58:10Z" finished-at="2019-12-10T14:58:47Z">
      <class name="com.companyname.tests.LaptopPageTests">
        <test-method status="PASS" signature="setUp()[pri:0, instance:com.companyname.tests.LaptopPageTests@3abbfa04]" name="setUp" is-config="true" duration-ms="21131" started-at="2019-12-10T14:58:10Z" finished-at="2019-12-10T14:58:31Z">
          <reporter-output>
          </reporter-output>
        </test-method> <!-- setUp -->
        <test-method status="PASS" signature="test1()[pri:0, instance:com.companyname.tests.LaptopPageTests@3abbfa04]" name="test1" duration-ms="16307" started-at="2019-12-10T14:58:31Z" finished-at="2019-12-10T14:58:47Z">
          <reporter-output>
          </reporter-output>
        </test-method> <!-- test1 -->
        <test-method status="PASS" signature="tearDown()[pri:0, instance:com.companyname.tests.LaptopPageTests@3abbfa04]" name="tearDown" is-config="true" duration-ms="0" started-at="2019-12-10T14:58:47Z" finished-at="2019-12-10T14:58:47Z">
          <reporter-output>
          </reporter-output>
        </test-method> <!-- tearDown -->
      </class> <!-- com.companyname.tests.LaptopPageTests -->
    </test> <!-- Default test -->
  </suite> <!-- Default suite -->
</testng-results>
