<?xml version="1.0" encoding="UTF-8"?>
<!-- Generated by org.testng.reporters.JUnitXMLReporter -->
<testsuite hostname="INMAAWN53000190" ignored="0" name="Test" tests="3" failures="0" timestamp="11 Dec 2019 14:55:09 GMT" time="69.885" errors="0">
  <testcase name="test1" time="31.186" classname="com.companyname.tests.LaptopPageTests"/>
  <testcase name="test2" time="38.261" classname="com.companyname.tests.LaptopPageTests"/>
  <testcase name="test3" time="32.336" classname="com.companyname.tests.LaptopPageTests"/>
</testsuite> <!-- Test -->
